<?xml version="1.0" encoding="UTF-8"?>
<testng-results ignored="0" total="1" passed="1" failed="0" skipped="0">
  <reporter-output>
  </reporter-output>
  <suite started-at="2020-12-26T21:53:04 EET" name="Default suite" finished-at="2020-12-26T21:53:58 EET" duration-ms="53663">
    <groups>
    </groups>
    <test started-at="2020-12-26T21:53:04 EET" name="Default test" finished-at="2020-12-26T21:53:58 EET" duration-ms="53663">
      <class name="Tests.NewTesT">
        <test-method is-config="true" signature="beforClass()[pri:0, instance:Tests.NewTesT@16e7dcfd]" started-at="2020-12-26T21:53:04 EET" name="beforClass" finished-at="2020-12-26T21:53:08 EET" duration-ms="3788" status="PASS">
          <reporter-output>
          </reporter-output>
        </test-method> <!-- beforClass -->
        <test-method signature="LoginTest()[pri:0, instance:Tests.NewTesT@16e7dcfd]" started-at="2020-12-26T21:53:08 EET" name="LoginTest" finished-at="2020-12-26T21:53:58 EET" duration-ms="49821" status="PASS">
          <reporter-output>
          </reporter-output>
        </test-method> <!-- LoginTest -->
      </class> <!-- Tests.NewTesT -->
    </test> <!-- Default test -->
  </suite> <!-- Default suite -->
</testng-results>
