<?xml version="1.0" encoding="UTF-8"?>
<testng-results ignored="0" total="1" passed="1" failed="0" skipped="0">
  <reporter-output>
  </reporter-output>
  <suite started-at="2020-12-27T23:40:26 EET" name="Default suite" finished-at="2020-12-27T23:41:25 EET" duration-ms="58347">
    <groups>
    </groups>
    <test started-at="2020-12-27T23:40:26 EET" name="Default test" finished-at="2020-12-27T23:41:25 EET" duration-ms="58347">
      <class name="Tests.AutomationPracticeTest">
        <test-method is-config="true" signature="beforeClass()[pri:0, instance:Tests.AutomationPracticeTest@3b07a0d6]" started-at="2020-12-27T23:40:26 EET" name="beforeClass" finished-at="2020-12-27T23:40:30 EET" duration-ms="3955" status="PASS">
          <reporter-output>
          </reporter-output>
        </test-method> <!-- beforeClass -->
        <test-method signature="LoginTest()[pri:0, instance:Tests.AutomationPracticeTest@3b07a0d6]" started-at="2020-12-27T23:40:30 EET" name="LoginTest" finished-at="2020-12-27T23:41:24 EET" duration-ms="54001" status="PASS">
          <reporter-output>
          </reporter-output>
        </test-method> <!-- LoginTest -->
        <test-method is-config="true" signature="afterClass()[pri:0, instance:Tests.AutomationPracticeTest@3b07a0d6]" started-at="2020-12-27T23:41:24 EET" name="afterClass" finished-at="2020-12-27T23:41:25 EET" duration-ms="324" status="PASS">
          <reporter-output>
          </reporter-output>
        </test-method> <!-- afterClass -->
      </class> <!-- Tests.AutomationPracticeTest -->
    </test> <!-- Default test -->
  </suite> <!-- Default suite -->
</testng-results>
